<?xml version="1.0" encoding="UTF-8"?>
<TestRun id="7f5715fe-cf78-41fc-99b3-b49b2e15123e" name="scrain@MEGAWATSON 2014-11-26 20:42:32" runUser="megawatson\scrain" xmlns="http://microsoft.com/schemas/VisualStudio/TeamTest/2010">
  <TestSettings name="Local" id="6b434b17-5c26-4f5a-b4e4-e0c616d54625">
    <Description>These are default test settings for a local test run.</Description>
    <Deployment enabled="false" runDeploymentRoot="scrain_MEGAWATSON 2014-11-26 20_42_32">
      <DeploymentItem filename="C:\Users\scrain\Documents\My Dropbox\School\teaching\2014-Fall\reliable\Assignments\ProjectData\src\SimErr\SimErr\bin\Debug\SimErr.dll" />
    </Deployment>
    <Execution>
      <TestTypeSpecific />
      <AgentRule name="Execution Agents">
      </AgentRule>
    </Execution>
  </TestSettings>
  <Times creation="2014-11-26T20:42:32.8098000-05:00" queuing="2014-11-26T20:42:32.9034000-05:00" start="2014-11-26T20:42:33.1062000-05:00" finish="2014-11-26T20:42:33.6054000-05:00" />
  <ResultSummary outcome="Completed">
    <Counters total="1" executed="1" passed="1" error="0" failed="0" timeout="0" aborted="0" inconclusive="0" passedButRunAborted="0" notRunnable="0" notExecuted="0" disconnected="0" warning="0" completed="0" inProgress="0" pending="0" />
  </ResultSummary>
  <TestDefinitions>
    <UnitTest name="SimErrTest" storage="c:\users\scrain\documents\my dropbox\school\teaching\2014-fall\reliable\assignments\projectdata\src\simerr\example\bin\debug\example.dll" id="5a2d7d46-3c91-fc34-25eb-379717147ea3">
      <Execution id="c47ba84d-4ca8-430b-83af-7d80584d1e89" />
      <TestMethod codeBase="C:/Users/scrain/Documents/My Dropbox/School/teaching/2014-Fall/reliable/Assignments/ProjectData/src/SimErr/Example/bin/Debug/Example.DLL" adapterTypeName="Microsoft.VisualStudio.TestTools.TestTypes.Unit.UnitTestAdapter, Microsoft.VisualStudio.QualityTools.Tips.UnitTest.Adapter, Version=10.0.0.0, Culture=neutral, PublicKeyToken=b03f5f7f11d50a3a" className="Example.Example, Example, Version=1.0.0.0, Culture=neutral, PublicKeyToken=null" name="SimErrTest" />
    </UnitTest>
  </TestDefinitions>
  <TestLists>
    <TestList name="Results Not in a List" id="8c84fa94-04c1-424b-9868-57a2d4851a1d" />
    <TestList name="All Loaded Results" id="19431567-8539-422a-85d7-44ee4e166bda" />
  </TestLists>
  <TestEntries>
    <TestEntry testId="5a2d7d46-3c91-fc34-25eb-379717147ea3" executionId="c47ba84d-4ca8-430b-83af-7d80584d1e89" testListId="8c84fa94-04c1-424b-9868-57a2d4851a1d" />
  </TestEntries>
  <Results>
    <UnitTestResult executionId="c47ba84d-4ca8-430b-83af-7d80584d1e89" testId="5a2d7d46-3c91-fc34-25eb-379717147ea3" testName="SimErrTest" computerName="MEGAWATSON" duration="00:00:00.0445001" startTime="2014-11-26T20:42:33.1374000-05:00" endTime="2014-11-26T20:42:33.5118000-05:00" testType="13cdc9d9-ddb5-4fa4-a97d-d965ccfc6d4b" outcome="Passed" testListId="8c84fa94-04c1-424b-9868-57a2d4851a1d" relativeResultsDirectory="c47ba84d-4ca8-430b-83af-7d80584d1e89">
      <Output>
        <StdOut>Collatz conjecture at 500 satisfied after step 110</StdOut>
      </Output>
    </UnitTestResult>
  </Results>
</TestRun>